Info: Start Nativelink Simulation process
Info: NativeLink has detected VHDL design -- VHDL simulation models will be used

========= EDA Simulation Settings =====================

Sim Mode              :  RTL
Family                :  cyclonev
Quartus root          :  c:/users/luis/documents/intelquartus/quartus/bin64/
Quartus sim root      :  c:/users/luis/documents/intelquartus/quartus/eda/sim_lib
Simulation Tool       :  modelsim
Simulation Language   :  vhdl
Version               :  93
Simulation Mode       :  GUI
Sim Output File       :  
Sim SDF file          :  
Sim dir               :  simulation\modelsim

=======================================================

Info: Starting NativeLink simulation with ModelSim software
Sourced NativeLink script c:/users/luis/documents/intelquartus/quartus/common/tcl/internal/nativelink/modelsim.tcl
Warning: File Problema2_run_msim_rtl_vhdl.do already exists - backing up current file as Problema2_run_msim_rtl_vhdl.do.bak3
Info: Spawning ModelSim Simulation software 
Info: NativeLink simulation flow was successful
